<?xml version="1.0" encoding="UTF-8"?>
<!-- Generated by org.testng.reporters.JUnitReportReporter -->
<testsuite hostname="nlpultp3403792" name="testCases.Verify_Create_Residential_Cust" tests="1" failures="0" timestamp="30 Aug 2019 07:29:43 GMT" time="91.327" errors="0">
  <testcase name="Create_Resi_Cust" time="91.327" classname="testCases.Verify_Create_Residential_Cust"/>
</testsuite> <!-- testCases.Verify_Create_Residential_Cust -->
