<?xml version="1.0" encoding="UTF-8"?>
<!-- Generated by org.testng.reporters.JUnitReportReporter -->
<testsuite hostname="nlpultp3403792" name="testCases.TestUserLogin" tests="1" failures="0" timestamp="27 Aug 2019 08:46:24 GMT" time="19.331" errors="0">
  <testcase name="TestUserlogin" time="19.331" classname="testCases.TestUserLogin"/>
</testsuite> <!-- testCases.TestUserLogin -->
