<?xml version="1.0" encoding="UTF-8"?>
<!-- Generated by org.testng.reporters.JUnitReportReporter -->
<testsuite hostname="nlpultp3403792" name="com.nihilent.com.screenshot.ScreenShotTest" tests="1" failures="0" timestamp="12 Feb 2020 06:01:00 GMT" time="0.848" errors="0">
  <testcase name="printScreen" time="0.848" classname="com.nihilent.com.screenshot.ScreenShotTest"/>
</testsuite> <!-- com.nihilent.com.screenshot.ScreenShotTest -->
