<?xml version="1.0" encoding="UTF-8"?>
<!-- Generated by org.testng.reporters.JUnitReportReporter -->
<testsuite hostname="nlpultp3403792" name="testCases.Clarity_UserLoginTest" tests="1" failures="0" timestamp="28 Aug 2019 11:00:44 GMT" time="38.425" errors="0">
  <testcase name="TestApplicationPage" time="38.425" classname="testCases.Clarity_UserLoginTest"/>
</testsuite> <!-- testCases.Clarity_UserLoginTest -->
